# JRE version: Java(TM) SE Runtime Environment (8.0_162-b12) (build 1.8.0_162-b12)
# Java VM: Java HotSpot(TM) 64-Bit Server VM (25.162-b12 mixed mode windows-amd64 compressed oops)
Heap:
 PSYoungGen      total 74240K, used 42432K [0x000000076db00000, 0x0000000772d80000, 0x00000007c0000000)
  eden space 64000K, 50% used [0x000000076db00000,0x000000076fa750a8,0x0000000771980000)
  from space 10240K, 99% used [0x0000000772380000,0x0000000772d7b1d8,0x0000000772d80000)
  to   space 10240K, 0% used [0x0000000771980000,0x0000000771980000,0x0000000772380000)
 ParOldGen       total 169472K, used 1526K [0x00000006c9000000, 0x00000006d3580000, 0x000000076db00000)
  object space 169472K, 0% used [0x00000006c9000000,0x00000006c917db10,0x00000006d3580000)
 Metaspace       used 17222K, capacity 17386K, committed 17664K, reserved 1064960K
  class space    used 2159K, capacity 2177K, committed 2304K, reserved 1048576K
GC Heap History (4 events):
Event: 1.082 GC heap before
{Heap before GC invocations=1 (full 0):
 PSYoungGen      total 74240K, used 64000K [0x000000076db00000, 0x0000000772d80000, 0x00000007c0000000)
  eden space 64000K, 100% used [0x000000076db00000,0x0000000771980000,0x0000000771980000)
  from space 10240K, 0% used [0x0000000772380000,0x0000000772380000,0x0000000772d80000)
  to   space 10240K, 0% used [0x0000000771980000,0x0000000771980000,0x0000000772380000)
 ParOldGen       total 169472K, used 0K [0x00000006c9000000, 0x00000006d3580000, 0x000000076db00000)
  object space 169472K, 0% used [0x00000006c9000000,0x00000006c9000000,0x00000006d3580000)
 Metaspace       used 11382K, capacity 11546K, committed 11776K, reserved 1058816K
  class space    used 1441K, capacity 1497K, committed 1536K, reserved 1048576K
Event: 1.092 GC heap after
Heap after GC invocations=1 (full 0):
 PSYoungGen      total 74240K, used 7884K [0x000000076db00000, 0x0000000772d80000, 0x00000007c0000000)
  eden space 64000K, 0% used [0x000000076db00000,0x000000076db00000,0x0000000771980000)
  from space 10240K, 76% used [0x0000000771980000,0x00000007721331a0,0x0000000772380000)
  to   space 10240K, 0% used [0x0000000772380000,0x0000000772380000,0x0000000772d80000)
 ParOldGen       total 169472K, used 8K [0x00000006c9000000, 0x00000006d3580000, 0x000000076db00000)
  object space 169472K, 0% used [0x00000006c9000000,0x00000006c9002000,0x00000006d3580000)
 Metaspace       used 11382K, capacity 11546K, committed 11776K, reserved 1058816K
  class space    used 1441K, capacity 1497K, committed 1536K, reserved 1048576K
}
Event: 1.590 GC heap before
{Heap before GC invocations=2 (full 0):
 PSYoungGen      total 74240K, used 71884K [0x000000076db00000, 0x0000000772d80000, 0x00000007c0000000)
  eden space 64000K, 100% used [0x000000076db00000,0x0000000771980000,0x0000000771980000)
  from space 10240K, 76% used [0x0000000771980000,0x00000007721331a0,0x0000000772380000)
  to   space 10240K, 0% used [0x0000000772380000,0x0000000772380000,0x0000000772d80000)
 ParOldGen       total 169472K, used 8K [0x00000006c9000000, 0x00000006d3580000, 0x000000076db00000)
  object space 169472K, 0% used [0x00000006c9000000,0x00000006c9002000,0x00000006d3580000)
 Metaspace       used 15834K, capacity 15992K, committed 16128K, reserved 1062912K
  class space    used 1966K, capacity 2014K, committed 2048K, reserved 1048576K
Event: 1.604 GC heap after
Heap after GC invocations=2 (full 0):
 PSYoungGen      total 74240K, used 10220K [0x000000076db00000, 0x0000000772d80000, 0x00000007c0000000)
  eden space 64000K, 0% used [0x000000076db00000,0x000000076db00000,0x0000000771980000)
  from space 10240K, 99% used [0x0000000772380000,0x0000000772d7b1d8,0x0000000772d80000)
  to   space 10240K, 0% used [0x0000000771980000,0x0000000771980000,0x0000000772380000)
 ParOldGen       total 169472K, used 1526K [0x00000006c9000000, 0x00000006d3580000, 0x000000076db00000)
  object space 169472K, 0% used [0x00000006c9000000,0x00000006c917db10,0x00000006d3580000)
 Metaspace       used 15834K, capacity 15992K, committed 16128K, reserved 1062912K
  class space    used 1966K, capacity 2014K, committed 2048K, reserved 1048576K
}

